# JRE version: Java(TM) SE Runtime Environment (23.0.2+7) (build 23.0.2+7-58)
# Java VM: Java HotSpot(TM) 64-Bit Server VM (23.0.2+7-58, mixed mode, emulated-client, sharing, tiered, compressed oops, compressed class ptrs, g1 gc, windows-amd64)
GC Precious Log:
 CardTable entry size: 512
 Card Set container configuration: InlinePtr #cards 5 size 8 Array Of Cards #cards 10 size 36 Howl #buckets 4 coarsen threshold 1843 Howl Bitmap #cards 512 size 80 coarsen threshold 460 Card regions per heap region 1 cards per card region 2048
 CPUs: 4 total, 4 available
 Memory: 8097M
 Large Page Support: Disabled
 NUMA Support: Disabled
 Compressed Oops: Enabled (32-bit)
 Heap Region Size: 1M
 Heap Min Capacity: 8M
 Heap Initial Capacity: 128M
 Heap Max Capacity: 2026M
 Pre-touch: Disabled
 Parallel Workers: 4
 Concurrent Workers: 1
 Concurrent Refinement Workers: 4
 Periodic GC: Disabled
Heap:
 garbage-first heap   total reserved 2074624K, committed 92160K, used 74074K [0x0000000081600000, 0x0000000100000000)
  region size 1024K, 49 young (50176K), 0 survivors (0K)
 Metaspace       used 74641K, committed 75392K, reserved 1114112K
  class space    used 10916K, committed 11264K, reserved 1048576K
GC Heap History (20 events):
Event: 1708.916 GC heap before
{Heap before GC invocations=35 (full 4):
 garbage-first heap   total reserved 2074624K, committed 81920K, used 71051K [0x0000000081600000, 0x0000000100000000)
  region size 1024K, 41 young (41984K), 2 survivors (2048K)
 Metaspace       used 72291K, committed 72896K, reserved 1114112K
  class space    used 10593K, committed 10816K, reserved 1048576K
}
Event: 1708.921 GC heap after
{Heap after GC invocations=36 (full 4):
 garbage-first heap   total reserved 2074624K, committed 81920K, used 32516K [0x0000000081600000, 0x0000000100000000)
  region size 1024K, 2 young (2048K), 2 survivors (2048K)
 Metaspace       used 72291K, committed 72896K, reserved 1114112K
  class space    used 10593K, committed 10816K, reserved 1048576K
}
Event: 2698.631 GC heap before
{Heap before GC invocations=36 (full 4):
 garbage-first heap   total reserved 2074624K, committed 81920K, used 72452K [0x0000000081600000, 0x0000000100000000)
  region size 1024K, 42 young (43008K), 2 survivors (2048K)
 Metaspace       used 73738K, committed 74432K, reserved 1114112K
  class space    used 10811K, committed 11072K, reserved 1048576K
}
Event: 2698.647 GC heap after
{Heap after GC invocations=37 (full 4):
 garbage-first heap   total reserved 2074624K, committed 81920K, used 33426K [0x0000000081600000, 0x0000000100000000)
  region size 1024K, 3 young (3072K), 3 survivors (3072K)
 Metaspace       used 73738K, committed 74432K, reserved 1114112K
  class space    used 10811K, committed 11072K, reserved 1048576K
}
Event: 4560.517 GC heap before
{Heap before GC invocations=37 (full 4):
 garbage-first heap   total reserved 2074624K, committed 81920K, used 59026K [0x0000000081600000, 0x0000000100000000)
  region size 1024K, 30 young (30720K), 3 survivors (3072K)
 Metaspace       used 74006K, committed 74688K, reserved 1114112K
  class space    used 10855K, committed 11136K, reserved 1048576K
}
Event: 4561.045 GC heap after
{Heap after GC invocations=38 (full 5):
 garbage-first heap   total reserved 2074624K, committed 81920K, used 26085K [0x0000000081600000, 0x0000000100000000)
  region size 1024K, 0 young (0K), 0 survivors (0K)
 Metaspace       used 73882K, committed 74688K, reserved 1114112K
  class space    used 10820K, committed 11136K, reserved 1048576K
}
Event: 4561.285 GC heap before
{Heap before GC invocations=38 (full 5):
 garbage-first heap   total reserved 2074624K, committed 81920K, used 26085K [0x0000000081600000, 0x0000000100000000)
  region size 1024K, 1 young (1024K), 0 survivors (0K)
 Metaspace       used 73882K, committed 74688K, reserved 1114112K
  class space    used 10820K, committed 11136K, reserved 1048576K
}
Event: 4561.374 GC heap after
{Heap after GC invocations=39 (full 6):
 garbage-first heap   total reserved 2074624K, committed 81920K, used 25513K [0x0000000081600000, 0x0000000100000000)
  region size 1024K, 0 young (0K), 0 survivors (0K)
 Metaspace       used 73882K, committed 74688K, reserved 1114112K
  class space    used 10820K, committed 11136K, reserved 1048576K
}
Event: 4564.662 GC heap before
{Heap before GC invocations=39 (full 6):
 garbage-first heap   total reserved 2074624K, committed 81920K, used 71593K [0x0000000081600000, 0x0000000100000000)
  region size 1024K, 46 young (47104K), 0 survivors (0K)
 Metaspace       used 74082K, committed 74816K, reserved 1114112K
  class space    used 10867K, committed 11200K, reserved 1048576K
}
Event: 4564.694 GC heap after
{Heap after GC invocations=40 (full 6):
 garbage-first heap   total reserved 2074624K, committed 81920K, used 30474K [0x0000000081600000, 0x0000000100000000)
  region size 1024K, 5 young (5120K), 5 survivors (5120K)
 Metaspace       used 74082K, committed 74816K, reserved 1114112K
  class space    used 10867K, committed 11200K, reserved 1048576K
}
Event: 4779.622 GC heap before
{Heap before GC invocations=40 (full 6):
 garbage-first heap   total reserved 2074624K, committed 81920K, used 61194K [0x0000000081600000, 0x0000000100000000)
  region size 1024K, 36 young (36864K), 5 survivors (5120K)
 Metaspace       used 74326K, committed 75072K, reserved 1114112K
  class space    used 10893K, committed 11200K, reserved 1048576K
}
Event: 4779.710 GC heap after
{Heap after GC invocations=41 (full 7):
 garbage-first heap   total reserved 2074624K, committed 81920K, used 28198K [0x0000000081600000, 0x0000000100000000)
  region size 1024K, 0 young (0K), 0 survivors (0K)
 Metaspace       used 74260K, committed 75072K, reserved 1114112K
  class space    used 10876K, committed 11200K, reserved 1048576K
}
Event: 4779.780 GC heap before
{Heap before GC invocations=41 (full 7):
 garbage-first heap   total reserved 2074624K, committed 81920K, used 28198K [0x0000000081600000, 0x0000000100000000)
  region size 1024K, 1 young (1024K), 0 survivors (0K)
 Metaspace       used 74260K, committed 75072K, reserved 1114112K
  class space    used 10876K, committed 11200K, reserved 1048576K
}
Event: 4779.873 GC heap after
{Heap after GC invocations=42 (full 8):
 garbage-first heap   total reserved 2074624K, committed 81920K, used 25268K [0x0000000081600000, 0x0000000100000000)
  region size 1024K, 0 young (0K), 0 survivors (0K)
 Metaspace       used 74147K, committed 75072K, reserved 1114112K
  class space    used 10844K, committed 11200K, reserved 1048576K
}
Event: 4783.040 GC heap before
{Heap before GC invocations=42 (full 8):
 garbage-first heap   total reserved 2074624K, committed 81920K, used 70324K [0x0000000081600000, 0x0000000100000000)
  region size 1024K, 45 young (46080K), 0 survivors (0K)
 Metaspace       used 74335K, committed 75072K, reserved 1114112K
  class space    used 10887K, committed 11200K, reserved 1048576K
}
Event: 4783.057 GC heap after
{Heap after GC invocations=43 (full 8):
 garbage-first heap   total reserved 2074624K, committed 245760K, used 30385K [0x0000000081600000, 0x0000000100000000)
  region size 1024K, 5 young (5120K), 5 survivors (5120K)
 Metaspace       used 74335K, committed 75072K, reserved 1114112K
  class space    used 10887K, committed 11200K, reserved 1048576K
}
Event: 4875.426 GC heap before
{Heap before GC invocations=43 (full 8):
 garbage-first heap   total reserved 2074624K, committed 245760K, used 65201K [0x0000000081600000, 0x0000000100000000)
  region size 1024K, 40 young (40960K), 5 survivors (5120K)
 Metaspace       used 74576K, committed 75328K, reserved 1114112K
  class space    used 10913K, committed 11264K, reserved 1048576K
}
Event: 4875.498 GC heap after
{Heap after GC invocations=44 (full 9):
 garbage-first heap   total reserved 2074624K, committed 106496K, used 28887K [0x0000000081600000, 0x0000000100000000)
  region size 1024K, 0 young (0K), 0 survivors (0K)
 Metaspace       used 74521K, committed 75328K, reserved 1114112K
  class space    used 10899K, committed 11264K, reserved 1048576K
}
Event: 4875.500 GC heap before
{Heap before GC invocations=44 (full 9):
 garbage-first heap   total reserved 2074624K, committed 106496K, used 28887K [0x0000000081600000, 0x0000000100000000)
  region size 1024K, 1 young (1024K), 0 survivors (0K)
 Metaspace       used 74521K, committed 75328K, reserved 1114112K
  class space    used 10899K, committed 11264K, reserved 1048576K
}
Event: 4875.568 GC heap after
{Heap after GC invocations=45 (full 10):
 garbage-first heap   total reserved 2074624K, committed 92160K, used 25946K [0x0000000081600000, 0x0000000100000000)
  region size 1024K, 0 young (0K), 0 survivors (0K)
 Metaspace       used 74408K, committed 75328K, reserved 1114112K
  class space    used 10867K, committed 11264K, reserved 1048576K
}

